mode: set
go-usersvc-demo/internal/auth/jwt.go:29.78,35.2 1 1
go-usersvc-demo/internal/auth/jwt.go:37.69,39.2 1 1
go-usersvc-demo/internal/auth/jwt.go:41.70,43.2 1 1
go-usersvc-demo/internal/auth/jwt.go:45.103,59.2 4 1
go-usersvc-demo/internal/auth/jwt.go:61.64,63.98 2 1
go-usersvc-demo/internal/auth/jwt.go:63.98,64.45 1 1
go-usersvc-demo/internal/auth/jwt.go:64.45,66.4 1 0
go-usersvc-demo/internal/auth/jwt.go:67.3,67.23 1 1
go-usersvc-demo/internal/auth/jwt.go:69.2,69.16 1 1
go-usersvc-demo/internal/auth/jwt.go:69.16,71.3 1 1
go-usersvc-demo/internal/auth/jwt.go:73.2,73.18 1 1
go-usersvc-demo/internal/auth/jwt.go:73.18,75.3 1 0
go-usersvc-demo/internal/auth/jwt.go:77.2,77.20 1 1
go-usersvc-demo/internal/auth/jwt.go:80.71,82.16 2 1
go-usersvc-demo/internal/auth/jwt.go:82.16,84.3 1 1
go-usersvc-demo/internal/auth/jwt.go:85.2,85.41 1 1
go-usersvc-demo/internal/auth/jwt.go:85.41,87.3 1 0
go-usersvc-demo/internal/auth/jwt.go:88.2,88.27 1 1
go-usersvc-demo/internal/auth/jwt.go:91.72,93.16 2 1
go-usersvc-demo/internal/auth/jwt.go:93.16,95.3 1 0
go-usersvc-demo/internal/auth/jwt.go:96.2,96.42 1 1
go-usersvc-demo/internal/auth/jwt.go:96.42,98.3 1 0
go-usersvc-demo/internal/auth/jwt.go:99.2,99.27 1 1
go-usersvc-demo/cmd/api/main.go:17.13,19.16 2 0
go-usersvc-demo/cmd/api/main.go:19.16,21.3 1 0
go-usersvc-demo/cmd/api/main.go:24.2,25.16 2 0
go-usersvc-demo/cmd/api/main.go:25.16,27.3 1 0
go-usersvc-demo/cmd/api/main.go:28.2,33.16 4 0
go-usersvc-demo/cmd/api/main.go:33.16,35.3 1 0
go-usersvc-demo/cmd/api/main.go:36.2,74.41 17 0
go-usersvc-demo/cmd/api/main.go:74.41,76.3 1 0
go-usersvc-demo/cmd/api/main.go:79.81,81.16 2 0
go-usersvc-demo/cmd/api/main.go:81.16,83.3 1 0
go-usersvc-demo/cmd/api/main.go:84.2,84.10 1 0
go-usersvc-demo/cmd/grpc/main.go:22.13,24.16 2 0
go-usersvc-demo/cmd/grpc/main.go:24.16,26.3 1 0
go-usersvc-demo/cmd/grpc/main.go:29.2,30.16 2 0
go-usersvc-demo/cmd/grpc/main.go:30.16,32.3 1 0
go-usersvc-demo/cmd/grpc/main.go:33.2,38.16 4 0
go-usersvc-demo/cmd/grpc/main.go:38.16,40.3 1 0
go-usersvc-demo/cmd/grpc/main.go:41.2,76.16 14 0
go-usersvc-demo/cmd/grpc/main.go:76.16,78.3 1 0
go-usersvc-demo/cmd/grpc/main.go:80.2,81.46 2 0
go-usersvc-demo/cmd/grpc/main.go:81.46,83.3 1 0
go-usersvc-demo/cmd/grpc/main.go:86.81,88.16 2 0
go-usersvc-demo/cmd/grpc/main.go:88.16,90.3 1 0
go-usersvc-demo/cmd/grpc/main.go:91.2,91.10 1 0
go-usersvc-demo/internal/config/config.go:47.38,52.2 1 0
go-usersvc-demo/internal/config/config.go:55.30,64.22 5 0
go-usersvc-demo/internal/config/config.go:64.22,66.3 1 0
go-usersvc-demo/internal/config/config.go:68.2,68.40 1 0
go-usersvc-demo/internal/config/config.go:68.40,70.3 1 0
go-usersvc-demo/internal/config/config.go:72.2,98.17 2 0
go-usersvc-demo/internal/config/config.go:101.44,102.38 1 0
go-usersvc-demo/internal/config/config.go:102.38,104.3 1 0
go-usersvc-demo/internal/config/config.go:105.2,105.19 1 0
go-usersvc-demo/internal/domain/errors.go:27.35,28.21 1 0
go-usersvc-demo/internal/domain/errors.go:28.21,30.3 1 0
go-usersvc-demo/internal/domain/errors.go:31.2,31.49 1 0
go-usersvc-demo/internal/domain/errors.go:35.35,37.2 1 0
go-usersvc-demo/internal/domain/errors.go:42.58,48.2 1 0
go-usersvc-demo/internal/domain/errors.go:51.58,57.2 1 0
go-usersvc-demo/internal/domain/errors.go:60.60,66.2 1 0
go-usersvc-demo/internal/domain/errors.go:69.53,74.2 1 0
go-usersvc-demo/internal/domain/errors.go:77.50,82.2 1 0
go-usersvc-demo/internal/domain/errors.go:85.60,91.2 1 0
go-usersvc-demo/internal/domain/errors.go:94.55,100.2 1 0
go-usersvc-demo/internal/domain/errors.go:103.46,106.2 2 0
go-usersvc-demo/internal/pkg/ratelimit/limiter.go:20.50,32.2 3 1
go-usersvc-demo/internal/pkg/ratelimit/limiter.go:35.42,38.2 2 1
go-usersvc-demo/internal/pkg/ratelimit/limiter.go:41.56,46.12 4 1
go-usersvc-demo/internal/pkg/ratelimit/limiter.go:46.12,48.3 1 1
go-usersvc-demo/internal/pkg/ratelimit/limiter.go:50.2,54.48 3 1
go-usersvc-demo/internal/pkg/ratelimit/limiter.go:54.48,56.3 1 0
go-usersvc-demo/internal/pkg/ratelimit/limiter.go:59.2,62.16 3 1
go-usersvc-demo/internal/pkg/ratelimit/limiter.go:66.37,70.21 3 1
go-usersvc-demo/internal/pkg/ratelimit/limiter.go:70.21,73.40 2 0
go-usersvc-demo/internal/pkg/ratelimit/limiter.go:73.40,75.38 1 0
go-usersvc-demo/internal/pkg/ratelimit/limiter.go:75.38,77.13 1 0
go-usersvc-demo/internal/pkg/ratelimit/limiter.go:80.4,80.44 1 0
go-usersvc-demo/internal/pkg/ratelimit/limiter.go:80.44,82.5 1 0
go-usersvc-demo/internal/pkg/ratelimit/limiter.go:84.3,84.16 1 0
go-usersvc-demo/internal/pkg/ratelimit/limiter.go:89.37,93.2 3 1
go-usersvc-demo/internal/pkg/ratelimit/limiter.go:96.30,100.2 3 1
go-usersvc-demo/docs/docs.go:661.13,663.2 1 0
go-usersvc-demo/cmd/server/main.go:50.13,52.16 2 0
go-usersvc-demo/cmd/server/main.go:52.16,54.3 1 0
go-usersvc-demo/cmd/server/main.go:57.2,69.16 6 0
go-usersvc-demo/cmd/server/main.go:69.16,72.3 2 0
go-usersvc-demo/cmd/server/main.go:73.2,78.16 4 0
go-usersvc-demo/cmd/server/main.go:78.16,81.3 2 0
go-usersvc-demo/cmd/server/main.go:82.2,126.20 19 0
go-usersvc-demo/cmd/server/main.go:126.20,128.84 2 0
go-usersvc-demo/cmd/server/main.go:128.84,130.4 1 0
go-usersvc-demo/cmd/server/main.go:131.3,131.13 1 0
go-usersvc-demo/cmd/server/main.go:135.2,149.20 5 0
go-usersvc-demo/cmd/server/main.go:149.20,152.17 3 0
go-usersvc-demo/cmd/server/main.go:152.17,154.4 1 0
go-usersvc-demo/cmd/server/main.go:155.3,156.47 2 0
go-usersvc-demo/cmd/server/main.go:156.47,158.4 1 0
go-usersvc-demo/cmd/server/main.go:159.3,159.13 1 0
go-usersvc-demo/cmd/server/main.go:163.2,163.20 1 0
go-usersvc-demo/cmd/server/main.go:163.20,170.58 5 0
go-usersvc-demo/cmd/server/main.go:170.58,172.4 1 0
go-usersvc-demo/cmd/server/main.go:173.3,175.13 2 0
go-usersvc-demo/cmd/server/main.go:178.2,178.33 1 0
go-usersvc-demo/cmd/server/main.go:178.33,181.3 2 0
go-usersvc-demo/cmd/server/main.go:182.2,182.40 1 0
go-usersvc-demo/cmd/server/main.go:185.81,187.16 2 0
go-usersvc-demo/cmd/server/main.go:187.16,189.3 1 0
go-usersvc-demo/cmd/server/main.go:190.2,190.10 1 0
go-usersvc-demo/internal/transport/grpc/handler.go:22.52,24.2 1 0
go-usersvc-demo/internal/transport/grpc/handler.go:26.51,34.2 1 0
go-usersvc-demo/internal/transport/grpc/handler.go:37.104,38.61 1 0
go-usersvc-demo/internal/transport/grpc/handler.go:38.61,40.3 1 0
go-usersvc-demo/internal/transport/grpc/handler.go:42.2,47.16 2 0
go-usersvc-demo/internal/transport/grpc/handler.go:47.16,48.48 1 0
go-usersvc-demo/internal/transport/grpc/handler.go:48.48,50.4 1 0
go-usersvc-demo/internal/transport/grpc/handler.go:51.3,51.90 1 0
go-usersvc-demo/internal/transport/grpc/handler.go:54.2,54.31 1 0
go-usersvc-demo/internal/transport/grpc/handler.go:58.106,59.17 1 0
go-usersvc-demo/internal/transport/grpc/handler.go:59.17,61.3 1 0
go-usersvc-demo/internal/transport/grpc/handler.go:63.2,64.16 2 0
go-usersvc-demo/internal/transport/grpc/handler.go:64.16,65.38 1 0
go-usersvc-demo/internal/transport/grpc/handler.go:65.38,67.4 1 0
go-usersvc-demo/internal/transport/grpc/handler.go:68.3,68.67 1 0
go-usersvc-demo/internal/transport/grpc/handler.go:71.2,71.31 1 0
go-usersvc-demo/internal/transport/grpc/handler.go:75.107,78.15 3 0
go-usersvc-demo/internal/transport/grpc/handler.go:78.15,80.3 1 0
go-usersvc-demo/internal/transport/grpc/handler.go:81.2,81.31 1 0
go-usersvc-demo/internal/transport/grpc/handler.go:81.31,83.3 1 0
go-usersvc-demo/internal/transport/grpc/handler.go:85.2,86.16 2 0
go-usersvc-demo/internal/transport/grpc/handler.go:86.16,88.3 1 0
go-usersvc-demo/internal/transport/grpc/handler.go:90.2,95.32 2 0
go-usersvc-demo/internal/transport/grpc/handler.go:95.32,103.3 1 0
go-usersvc-demo/internal/transport/grpc/handler.go:105.2,105.18 1 0
go-usersvc-demo/internal/transport/grpc/handler.go:109.104,110.17 1 0
go-usersvc-demo/internal/transport/grpc/handler.go:110.17,112.3 1 0
go-usersvc-demo/internal/transport/grpc/handler.go:114.2,115.20 2 0
go-usersvc-demo/internal/transport/grpc/handler.go:115.20,117.3 1 0
go-usersvc-demo/internal/transport/grpc/handler.go:118.2,118.21 1 0
go-usersvc-demo/internal/transport/grpc/handler.go:118.21,120.3 1 0
go-usersvc-demo/internal/transport/grpc/handler.go:121.2,121.24 1 0
go-usersvc-demo/internal/transport/grpc/handler.go:121.24,123.3 1 0
go-usersvc-demo/internal/transport/grpc/handler.go:125.2,126.16 2 0
go-usersvc-demo/internal/transport/grpc/handler.go:126.16,127.38 1 0
go-usersvc-demo/internal/transport/grpc/handler.go:127.38,129.4 1 0
go-usersvc-demo/internal/transport/grpc/handler.go:130.3,130.68 1 0
go-usersvc-demo/internal/transport/grpc/handler.go:133.2,133.31 1 0
go-usersvc-demo/internal/transport/grpc/handler.go:137.110,138.17 1 0
go-usersvc-demo/internal/transport/grpc/handler.go:138.17,140.3 1 0
go-usersvc-demo/internal/transport/grpc/handler.go:142.2,142.54 1 0
go-usersvc-demo/internal/transport/grpc/handler.go:142.54,143.38 1 0
go-usersvc-demo/internal/transport/grpc/handler.go:143.38,145.4 1 0
go-usersvc-demo/internal/transport/grpc/handler.go:146.3,146.68 1 0
go-usersvc-demo/internal/transport/grpc/handler.go:149.2,149.89 1 0
go-usersvc-demo/internal/transport/grpc/middleware.go:22.139,29.2 5 0
go-usersvc-demo/internal/transport/grpc/middleware.go:32.81,33.128 1 0
go-usersvc-demo/internal/transport/grpc/middleware.go:33.128,35.10 2 0
go-usersvc-demo/internal/transport/grpc/middleware.go:35.10,37.4 1 0
go-usersvc-demo/internal/transport/grpc/middleware.go:39.3,40.42 2 0
go-usersvc-demo/internal/transport/grpc/middleware.go:40.42,42.4 1 0
go-usersvc-demo/internal/transport/grpc/middleware.go:44.3,50.17 4 0
go-usersvc-demo/internal/transport/grpc/middleware.go:50.17,52.4 1 0
go-usersvc-demo/internal/transport/grpc/middleware.go:54.3,55.27 2 0
go-usersvc-demo/internal/transport/grpc/middleware.go:60.59,63.2 2 0
go-usersvc-demo/internal/transport/grpc/middleware.go:66.75,68.2 1 0
go-usersvc-demo/internal/transport/grpc/ratelimit.go:16.88,17.128 1 1
go-usersvc-demo/internal/transport/grpc/ratelimit.go:17.128,20.41 2 1
go-usersvc-demo/internal/transport/grpc/ratelimit.go:20.41,22.4 1 1
go-usersvc-demo/internal/transport/grpc/ratelimit.go:22.9,24.4 1 0
go-usersvc-demo/internal/transport/grpc/ratelimit.go:26.3,26.31 1 1
go-usersvc-demo/internal/transport/grpc/ratelimit.go:26.31,33.4 2 1
go-usersvc-demo/internal/transport/grpc/ratelimit.go:35.3,35.27 1 1
go-usersvc-demo/internal/transport/grpc/ratelimit.go:41.90,42.116 1 1
go-usersvc-demo/internal/transport/grpc/ratelimit.go:42.116,45.50 2 1
go-usersvc-demo/internal/transport/grpc/ratelimit.go:45.50,47.4 1 1
go-usersvc-demo/internal/transport/grpc/ratelimit.go:47.9,49.4 1 0
go-usersvc-demo/internal/transport/grpc/ratelimit.go:51.3,51.31 1 1
go-usersvc-demo/internal/transport/grpc/ratelimit.go:51.31,58.4 2 1
go-usersvc-demo/internal/transport/grpc/ratelimit.go:60.3,60.26 1 1
go-usersvc-demo/internal/transport/http/handler.go:26.114,28.2 1 0
go-usersvc-demo/internal/transport/http/handler.go:68.46,70.49 2 0
go-usersvc-demo/internal/transport/http/handler.go:70.49,73.3 2 0
go-usersvc-demo/internal/transport/http/handler.go:74.2,74.47 1 0
go-usersvc-demo/internal/transport/http/handler.go:74.47,77.3 2 0
go-usersvc-demo/internal/transport/http/handler.go:79.2,80.16 2 0
go-usersvc-demo/internal/transport/http/handler.go:80.16,83.3 2 0
go-usersvc-demo/internal/transport/http/handler.go:85.2,85.57 1 0
go-usersvc-demo/internal/transport/http/handler.go:100.41,102.49 2 0
go-usersvc-demo/internal/transport/http/handler.go:102.49,105.3 2 0
go-usersvc-demo/internal/transport/http/handler.go:106.2,106.47 1 0
go-usersvc-demo/internal/transport/http/handler.go:106.47,109.3 2 0
go-usersvc-demo/internal/transport/http/handler.go:111.2,112.16 2 0
go-usersvc-demo/internal/transport/http/handler.go:112.16,115.3 2 0
go-usersvc-demo/internal/transport/http/handler.go:117.2,117.115 1 0
go-usersvc-demo/internal/transport/http/handler.go:132.43,134.49 2 0
go-usersvc-demo/internal/transport/http/handler.go:134.49,137.3 2 0
go-usersvc-demo/internal/transport/http/handler.go:138.2,138.47 1 0
go-usersvc-demo/internal/transport/http/handler.go:138.47,141.3 2 0
go-usersvc-demo/internal/transport/http/handler.go:143.2,144.16 2 0
go-usersvc-demo/internal/transport/http/handler.go:144.16,147.3 2 0
go-usersvc-demo/internal/transport/http/handler.go:149.2,149.115 1 0
go-usersvc-demo/internal/transport/http/handler.go:164.47,166.16 2 0
go-usersvc-demo/internal/transport/http/handler.go:166.16,169.3 2 0
go-usersvc-demo/internal/transport/http/handler.go:171.2,172.16 2 0
go-usersvc-demo/internal/transport/http/handler.go:172.16,175.3 2 0
go-usersvc-demo/internal/transport/http/handler.go:176.2,178.52 2 0
go-usersvc-demo/internal/transport/http/handler.go:192.46,194.9 2 0
go-usersvc-demo/internal/transport/http/handler.go:194.9,197.3 2 0
go-usersvc-demo/internal/transport/http/handler.go:199.2,200.16 2 0
go-usersvc-demo/internal/transport/http/handler.go:200.16,203.3 2 0
go-usersvc-demo/internal/transport/http/handler.go:204.2,206.52 2 0
go-usersvc-demo/internal/transport/http/handler.go:220.45,225.16 4 0
go-usersvc-demo/internal/transport/http/handler.go:225.16,228.3 2 0
go-usersvc-demo/internal/transport/http/handler.go:230.2,230.54 1 0
go-usersvc-demo/internal/transport/http/handler.go:248.46,250.16 2 0
go-usersvc-demo/internal/transport/http/handler.go:250.16,253.3 2 0
go-usersvc-demo/internal/transport/http/handler.go:255.2,256.49 2 0
go-usersvc-demo/internal/transport/http/handler.go:256.49,259.3 2 0
go-usersvc-demo/internal/transport/http/handler.go:260.2,260.47 1 0
go-usersvc-demo/internal/transport/http/handler.go:260.47,263.3 2 0
go-usersvc-demo/internal/transport/http/handler.go:265.2,266.16 2 0
go-usersvc-demo/internal/transport/http/handler.go:266.16,269.3 2 0
go-usersvc-demo/internal/transport/http/handler.go:270.2,272.52 2 0
go-usersvc-demo/internal/transport/http/handler.go:286.46,288.16 2 0
go-usersvc-demo/internal/transport/http/handler.go:288.16,291.3 2 0
go-usersvc-demo/internal/transport/http/handler.go:293.2,293.66 1 0
go-usersvc-demo/internal/transport/http/handler.go:293.66,296.3 2 0
go-usersvc-demo/internal/transport/http/handler.go:298.2,298.32 1 0
go-usersvc-demo/internal/transport/http/handler.go:315.45,318.9 2 0
go-usersvc-demo/internal/transport/http/handler.go:318.9,321.3 2 0
go-usersvc-demo/internal/transport/http/handler.go:323.2,324.49 2 0
go-usersvc-demo/internal/transport/http/handler.go:324.49,327.3 2 0
go-usersvc-demo/internal/transport/http/handler.go:329.2,329.47 1 0
go-usersvc-demo/internal/transport/http/handler.go:329.47,332.3 2 0
go-usersvc-demo/internal/transport/http/handler.go:335.2,342.24 2 0
go-usersvc-demo/internal/transport/http/handler.go:343.17,345.10 2 0
go-usersvc-demo/internal/transport/http/handler.go:345.10,348.4 2 0
go-usersvc-demo/internal/transport/http/handler.go:349.3,349.90 1 0
go-usersvc-demo/internal/transport/http/handler.go:349.90,353.4 3 0
go-usersvc-demo/internal/transport/http/handler.go:355.15,357.10 2 0
go-usersvc-demo/internal/transport/http/handler.go:357.10,360.4 2 0
go-usersvc-demo/internal/transport/http/handler.go:361.3,361.101 1 0
go-usersvc-demo/internal/transport/http/handler.go:361.101,365.4 3 0
go-usersvc-demo/internal/transport/http/handler.go:367.22,369.10 2 0
go-usersvc-demo/internal/transport/http/handler.go:369.10,372.4 2 0
go-usersvc-demo/internal/transport/http/handler.go:373.3,373.107 1 0
go-usersvc-demo/internal/transport/http/handler.go:373.107,377.4 3 0
go-usersvc-demo/internal/transport/http/handler.go:379.10,381.9 2 0
go-usersvc-demo/internal/transport/http/handler.go:384.2,387.4 1 0
go-usersvc-demo/internal/transport/http/health.go:27.79,28.30 1 0
go-usersvc-demo/internal/transport/http/health.go:28.30,38.38 4 0
go-usersvc-demo/internal/transport/http/health.go:38.38,43.4 1 0
go-usersvc-demo/internal/transport/http/health.go:43.9,45.4 1 0
go-usersvc-demo/internal/transport/http/health.go:48.3,48.53 1 0
go-usersvc-demo/internal/transport/http/health.go:48.53,53.4 1 0
go-usersvc-demo/internal/transport/http/health.go:53.9,55.4 1 0
go-usersvc-demo/internal/transport/http/health.go:58.3,59.41 2 0
go-usersvc-demo/internal/transport/http/health.go:59.41,60.26 1 0
go-usersvc-demo/internal/transport/http/health.go:60.26,62.10 2 0
go-usersvc-demo/internal/transport/http/health.go:66.3,66.12 1 0
go-usersvc-demo/internal/transport/http/health.go:66.12,69.4 2 0
go-usersvc-demo/internal/transport/http/health.go:69.9,72.4 2 0
go-usersvc-demo/internal/transport/http/middleware.go:20.42,21.75 1 0
go-usersvc-demo/internal/transport/http/middleware.go:21.75,30.3 1 0
go-usersvc-demo/internal/transport/http/middleware.go:34.68,35.30 1 0
go-usersvc-demo/internal/transport/http/middleware.go:35.30,37.23 2 0
go-usersvc-demo/internal/transport/http/middleware.go:37.23,41.4 3 0
go-usersvc-demo/internal/transport/http/middleware.go:43.3,48.18 3 0
go-usersvc-demo/internal/transport/http/middleware.go:48.18,52.4 3 0
go-usersvc-demo/internal/transport/http/middleware.go:54.3,57.17 3 0
go-usersvc-demo/internal/transport/http/middleware.go:57.17,61.4 3 0
go-usersvc-demo/internal/transport/http/middleware.go:63.3,66.11 4 0
go-usersvc-demo/internal/transport/http/middleware.go:71.59,74.2 2 1
go-usersvc-demo/internal/transport/http/middleware.go:77.75,79.2 1 1
go-usersvc-demo/internal/transport/http/middleware_new.go:15.44,16.30 1 1
go-usersvc-demo/internal/transport/http/middleware_new.go:16.30,18.22 2 1
go-usersvc-demo/internal/transport/http/middleware_new.go:18.22,20.4 1 1
go-usersvc-demo/internal/transport/http/middleware_new.go:22.3,29.11 5 1
go-usersvc-demo/internal/transport/http/middleware_new.go:34.49,35.30 1 0
go-usersvc-demo/internal/transport/http/middleware_new.go:35.30,58.3 6 0
go-usersvc-demo/internal/transport/http/middleware_new.go:62.39,63.30 1 0
go-usersvc-demo/internal/transport/http/middleware_new.go:63.30,69.36 5 0
go-usersvc-demo/internal/transport/http/middleware_new.go:69.36,72.4 2 0
go-usersvc-demo/internal/transport/http/middleware_new.go:74.3,74.11 1 0
go-usersvc-demo/internal/transport/http/middleware_new.go:79.43,80.66 1 0
go-usersvc-demo/internal/transport/http/middleware_new.go:80.66,93.3 3 0
go-usersvc-demo/internal/transport/http/ratelimit.go:12.70,13.30 1 1
go-usersvc-demo/internal/transport/http/ratelimit.go:13.30,17.31 3 1
go-usersvc-demo/internal/transport/http/ratelimit.go:17.31,30.4 4 1
go-usersvc-demo/internal/transport/http/ratelimit.go:32.3,32.11 1 1
go-usersvc-demo/internal/transport/http/ratelimit.go:38.83,39.30 1 1
go-usersvc-demo/internal/transport/http/ratelimit.go:39.30,44.63 3 1
go-usersvc-demo/internal/transport/http/ratelimit.go:44.63,46.4 1 1
go-usersvc-demo/internal/transport/http/ratelimit.go:46.9,48.4 1 0
go-usersvc-demo/internal/transport/http/ratelimit.go:50.3,50.26 1 1
go-usersvc-demo/internal/transport/http/ratelimit.go:50.26,63.4 4 1
go-usersvc-demo/internal/transport/http/ratelimit.go:65.3,65.11 1 1
go-usersvc-demo/internal/transport/http/router.go:13.140,24.40 7 0
go-usersvc-demo/internal/transport/http/router.go:24.40,26.3 1 0
go-usersvc-demo/internal/transport/http/router.go:29.2,37.2 7 0
go-usersvc-demo/internal/transport/http/router.go:37.2,43.3 5 0
go-usersvc-demo/internal/transport/http/router.go:46.2,49.2 4 0
go-usersvc-demo/internal/transport/http/router.go:49.2,51.3 1 0
go-usersvc-demo/internal/transport/http/router.go:53.2,55.10 2 0
go-usersvc-demo/internal/service/auth_service.go:38.73,44.2 1 1
go-usersvc-demo/internal/service/auth_service.go:46.51,53.45 5 1
go-usersvc-demo/internal/service/auth_service.go:53.45,56.3 2 1
go-usersvc-demo/internal/service/auth_service.go:58.2,58.37 1 1
go-usersvc-demo/internal/service/auth_service.go:58.37,60.3 1 1
go-usersvc-demo/internal/service/auth_service.go:62.2,63.13 2 1
go-usersvc-demo/internal/service/auth_service.go:66.42,70.2 3 1
go-usersvc-demo/internal/service/auth_service.go:72.90,79.2 1 1
go-usersvc-demo/internal/service/auth_service.go:82.63,83.23 1 1
go-usersvc-demo/internal/service/auth_service.go:83.23,85.3 1 1
go-usersvc-demo/internal/service/auth_service.go:86.2,86.25 1 1
go-usersvc-demo/internal/service/auth_service.go:86.25,88.3 1 1
go-usersvc-demo/internal/service/auth_service.go:91.2,95.41 4 1
go-usersvc-demo/internal/service/auth_service.go:95.41,97.3 1 1
go-usersvc-demo/internal/service/auth_service.go:100.2,101.37 2 1
go-usersvc-demo/internal/service/auth_service.go:101.37,102.40 1 1
go-usersvc-demo/internal/service/auth_service.go:102.40,104.4 1 1
go-usersvc-demo/internal/service/auth_service.go:107.2,107.12 1 1
go-usersvc-demo/internal/service/auth_service.go:110.112,112.37 1 1
go-usersvc-demo/internal/service/auth_service.go:112.37,115.3 2 1
go-usersvc-demo/internal/service/auth_service.go:117.2,118.16 2 1
go-usersvc-demo/internal/service/auth_service.go:118.16,119.38 1 1
go-usersvc-demo/internal/service/auth_service.go:119.38,122.4 2 1
go-usersvc-demo/internal/service/auth_service.go:123.3,123.51 1 0
go-usersvc-demo/internal/service/auth_service.go:126.2,126.95 1 1
go-usersvc-demo/internal/service/auth_service.go:126.95,129.3 2 1
go-usersvc-demo/internal/service/auth_service.go:132.2,136.16 4 1
go-usersvc-demo/internal/service/auth_service.go:136.16,138.3 1 0
go-usersvc-demo/internal/service/auth_service.go:140.2,141.16 2 1
go-usersvc-demo/internal/service/auth_service.go:141.16,143.3 1 0
go-usersvc-demo/internal/service/auth_service.go:145.2,145.45 1 1
go-usersvc-demo/internal/service/auth_service.go:148.97,150.16 2 1
go-usersvc-demo/internal/service/auth_service.go:150.16,153.3 2 1
go-usersvc-demo/internal/service/auth_service.go:155.2,158.16 3 1
go-usersvc-demo/internal/service/auth_service.go:158.16,160.3 1 0
go-usersvc-demo/internal/service/auth_service.go:162.2,163.16 2 1
go-usersvc-demo/internal/service/auth_service.go:163.16,165.3 1 0
go-usersvc-demo/internal/service/auth_service.go:167.2,167.42 1 1
go-usersvc-demo/internal/service/auth_service.go:171.112,173.16 2 0
go-usersvc-demo/internal/service/auth_service.go:173.16,176.3 2 0
go-usersvc-demo/internal/service/auth_service.go:179.2,179.98 1 0
go-usersvc-demo/internal/service/auth_service.go:179.98,182.3 2 0
go-usersvc-demo/internal/service/auth_service.go:185.2,185.56 1 0
go-usersvc-demo/internal/service/auth_service.go:185.56,188.3 2 0
go-usersvc-demo/internal/service/auth_service.go:191.2,192.16 2 0
go-usersvc-demo/internal/service/auth_service.go:192.16,194.3 1 0
go-usersvc-demo/internal/service/auth_service.go:197.2,202.16 4 0
go-usersvc-demo/internal/service/auth_service.go:202.16,204.3 1 0
go-usersvc-demo/internal/service/auth_service.go:206.2,207.12 2 0
go-usersvc-demo/internal/service/auth_service.go:211.77,217.2 1 0
go-usersvc-demo/internal/service/email_service.go:17.87,19.2 1 0
go-usersvc-demo/internal/service/email_service.go:22.43,24.2 1 0
go-usersvc-demo/internal/service/email_service.go:32.60,34.2 1 0
go-usersvc-demo/internal/service/email_service.go:37.96,41.2 3 0
go-usersvc-demo/internal/service/email_service.go:44.107,48.2 3 0
go-usersvc-demo/internal/service/email_service.go:51.113,55.2 3 0
go-usersvc-demo/internal/service/user_service.go:23.86,25.2 1 1
go-usersvc-demo/internal/service/user_service.go:28.73,30.2 1 1
go-usersvc-demo/internal/service/user_service.go:33.107,36.21 2 1
go-usersvc-demo/internal/service/user_service.go:36.21,38.3 1 1
go-usersvc-demo/internal/service/user_service.go:41.2,42.16 2 1
go-usersvc-demo/internal/service/user_service.go:42.16,44.3 1 0
go-usersvc-demo/internal/service/user_service.go:46.2,53.16 3 1
go-usersvc-demo/internal/service/user_service.go:53.16,56.3 2 1
go-usersvc-demo/internal/service/user_service.go:59.2,62.27 2 1
go-usersvc-demo/internal/service/user_service.go:62.27,64.3 1 1
go-usersvc-demo/internal/service/user_service.go:66.2,66.21 1 1
go-usersvc-demo/internal/service/user_service.go:70.88,73.16 2 1
go-usersvc-demo/internal/service/user_service.go:73.16,75.3 1 1
go-usersvc-demo/internal/service/user_service.go:78.2,78.32 1 1
go-usersvc-demo/internal/service/user_service.go:78.32,81.3 1 1
go-usersvc-demo/internal/service/user_service.go:83.2,84.16 2 1
go-usersvc-demo/internal/service/user_service.go:84.16,86.3 1 1
go-usersvc-demo/internal/service/user_service.go:89.2,91.18 2 1
go-usersvc-demo/internal/service/user_service.go:95.106,96.22 1 1
go-usersvc-demo/internal/service/user_service.go:96.22,98.3 1 1
go-usersvc-demo/internal/service/user_service.go:99.2,99.23 1 1
go-usersvc-demo/internal/service/user_service.go:99.23,101.3 1 1
go-usersvc-demo/internal/service/user_service.go:102.2,102.33 1 1
go-usersvc-demo/internal/service/user_service.go:106.117,108.27 1 1
go-usersvc-demo/internal/service/user_service.go:108.27,110.17 2 1
go-usersvc-demo/internal/service/user_service.go:110.17,112.4 1 0
go-usersvc-demo/internal/service/user_service.go:113.3,114.22 2 1
go-usersvc-demo/internal/service/user_service.go:117.2,118.16 2 1
go-usersvc-demo/internal/service/user_service.go:118.16,120.3 1 1
go-usersvc-demo/internal/service/user_service.go:123.2,126.21 3 1
go-usersvc-demo/internal/service/user_service.go:130.71,131.47 1 1
go-usersvc-demo/internal/service/user_service.go:131.47,133.3 1 1
go-usersvc-demo/internal/service/user_service.go:134.2,135.12 2 1
go-usersvc-demo/internal/service/user_service.go:139.32,141.2 1 1
go-usersvc-demo/internal/pkg/httputility/response.go:25.46,26.16 1 0
go-usersvc-demo/internal/pkg/httputility/response.go:26.16,32.3 2 0
go-usersvc-demo/internal/pkg/httputility/response.go:35.2,36.8 2 0
go-usersvc-demo/internal/pkg/httputility/response.go:36.8,44.3 3 0
go-usersvc-demo/internal/pkg/httputility/response.go:47.2,50.4 1 0
go-usersvc-demo/internal/pkg/httputility/response.go:54.71,55.40 1 0
go-usersvc-demo/internal/pkg/httputility/response.go:55.40,58.3 2 0
go-usersvc-demo/internal/pkg/httputility/response.go:59.2,59.26 1 0
go-usersvc-demo/internal/pkg/httputility/response.go:63.54,64.14 1 0
go-usersvc-demo/internal/pkg/httputility/response.go:65.30,66.29 1 0
go-usersvc-demo/internal/pkg/httputility/response.go:67.30,68.29 1 0
go-usersvc-demo/internal/pkg/httputility/response.go:69.32,70.40 1 0
go-usersvc-demo/internal/pkg/httputility/response.go:71.34,72.33 1 0
go-usersvc-demo/internal/pkg/httputility/response.go:73.31,74.30 1 0
go-usersvc-demo/internal/pkg/httputility/response.go:75.33,76.36 1 0
go-usersvc-demo/internal/pkg/httputility/response.go:77.30,78.40 1 0
go-usersvc-demo/internal/pkg/httputility/response.go:79.10,80.40 1 0
go-usersvc-demo/internal/pkg/httputility/response.go:85.95,86.36 1 0
go-usersvc-demo/internal/pkg/httputility/response.go:86.36,89.3 2 0
go-usersvc-demo/internal/pkg/httputility/response.go:90.2,90.13 1 0
go-usersvc-demo/internal/pkg/httputility/response.go:94.69,98.2 3 0
go-usersvc-demo/internal/infrastructure/redis/redis.go:11.70,18.64 2 0
go-usersvc-demo/internal/infrastructure/redis/redis.go:18.64,20.3 1 0
go-usersvc-demo/internal/infrastructure/redis/redis.go:22.2,22.20 1 0
go-usersvc-demo/internal/infrastructure/redis/user_cache.go:23.52,25.2 1 0
go-usersvc-demo/internal/infrastructure/redis/user_cache.go:27.31,29.2 1 0
go-usersvc-demo/internal/infrastructure/redis/user_cache.go:32.78,34.16 2 0
go-usersvc-demo/internal/infrastructure/redis/user_cache.go:34.16,36.3 1 0
go-usersvc-demo/internal/infrastructure/redis/user_cache.go:38.2,39.51 2 0
go-usersvc-demo/internal/infrastructure/redis/user_cache.go:39.51,41.3 1 0
go-usersvc-demo/internal/infrastructure/redis/user_cache.go:43.2,43.18 1 0
go-usersvc-demo/internal/infrastructure/redis/user_cache.go:47.71,49.16 2 0
go-usersvc-demo/internal/infrastructure/redis/user_cache.go:49.16,51.3 1 0
go-usersvc-demo/internal/infrastructure/redis/user_cache.go:53.2,53.63 1 0
go-usersvc-demo/internal/infrastructure/redis/user_cache.go:57.65,59.2 1 0
go-usersvc-demo/internal/pkg/logger/logger.go:15.30,17.11 2 0
go-usersvc-demo/internal/pkg/logger/logger.go:17.11,21.3 1 0
go-usersvc-demo/internal/pkg/logger/logger.go:21.8,25.3 1 0
go-usersvc-demo/internal/pkg/logger/logger.go:27.2,28.35 2 0
go-usersvc-demo/internal/pkg/logger/logger.go:32.59,34.2 1 0
go-usersvc-demo/internal/pkg/logger/logger.go:37.47,39.2 1 0
go-usersvc-demo/internal/pkg/logger/logger.go:42.68,44.27 2 0
go-usersvc-demo/internal/pkg/logger/logger.go:44.27,46.3 1 0
go-usersvc-demo/internal/pkg/logger/logger.go:47.2,47.40 1 0
go-usersvc-demo/internal/pkg/logger/logger.go:54.29,56.2 1 0
go-usersvc-demo/internal/pkg/logger/logger.go:59.20,60.25 1 0
go-usersvc-demo/internal/pkg/logger/logger.go:60.25,62.3 1 0
go-usersvc-demo/internal/pkg/logger/logger.go:63.2,63.21 1 0
go-usersvc-demo/internal/testhelpers/mocks.go:25.50,30.2 1 0
go-usersvc-demo/internal/testhelpers/mocks.go:33.96,34.18 1 0
go-usersvc-demo/internal/testhelpers/mocks.go:34.18,36.3 1 0
go-usersvc-demo/internal/testhelpers/mocks.go:38.2,42.35 3 0
go-usersvc-demo/internal/testhelpers/mocks.go:42.35,43.32 1 0
go-usersvc-demo/internal/testhelpers/mocks.go:43.32,45.4 1 0
go-usersvc-demo/internal/testhelpers/mocks.go:48.2,54.15 6 0
go-usersvc-demo/internal/testhelpers/mocks.go:58.91,59.18 1 0
go-usersvc-demo/internal/testhelpers/mocks.go:59.18,61.3 1 0
go-usersvc-demo/internal/testhelpers/mocks.go:63.2,67.9 4 0
go-usersvc-demo/internal/testhelpers/mocks.go:67.9,69.3 1 0
go-usersvc-demo/internal/testhelpers/mocks.go:70.2,70.15 1 0
go-usersvc-demo/internal/testhelpers/mocks.go:74.98,75.18 1 0
go-usersvc-demo/internal/testhelpers/mocks.go:75.18,77.3 1 0
go-usersvc-demo/internal/testhelpers/mocks.go:79.2,82.28 3 0
go-usersvc-demo/internal/testhelpers/mocks.go:82.28,83.23 1 0
go-usersvc-demo/internal/testhelpers/mocks.go:83.23,85.4 1 0
go-usersvc-demo/internal/testhelpers/mocks.go:87.2,87.42 1 0
go-usersvc-demo/internal/testhelpers/mocks.go:91.108,92.18 1 0
go-usersvc-demo/internal/testhelpers/mocks.go:92.18,94.3 1 0
go-usersvc-demo/internal/testhelpers/mocks.go:96.2,100.28 4 0
go-usersvc-demo/internal/testhelpers/mocks.go:100.28,102.3 1 0
go-usersvc-demo/internal/testhelpers/mocks.go:104.2,109.8 1 0
go-usersvc-demo/internal/testhelpers/mocks.go:113.120,114.18 1 0
go-usersvc-demo/internal/testhelpers/mocks.go:114.18,116.3 1 0
go-usersvc-demo/internal/testhelpers/mocks.go:118.2,122.9 4 0
go-usersvc-demo/internal/testhelpers/mocks.go:122.9,124.3 1 0
go-usersvc-demo/internal/testhelpers/mocks.go:126.2,126.23 1 0
go-usersvc-demo/internal/testhelpers/mocks.go:126.23,128.3 1 0
go-usersvc-demo/internal/testhelpers/mocks.go:129.2,129.24 1 0
go-usersvc-demo/internal/testhelpers/mocks.go:129.24,131.3 1 0
go-usersvc-demo/internal/testhelpers/mocks.go:132.2,132.27 1 0
go-usersvc-demo/internal/testhelpers/mocks.go:132.27,134.3 1 0
go-usersvc-demo/internal/testhelpers/mocks.go:135.2,137.15 2 0
go-usersvc-demo/internal/testhelpers/mocks.go:141.74,142.18 1 0
go-usersvc-demo/internal/testhelpers/mocks.go:142.18,144.3 1 0
go-usersvc-demo/internal/testhelpers/mocks.go:146.2,149.31 3 0
go-usersvc-demo/internal/testhelpers/mocks.go:149.31,151.3 1 0
go-usersvc-demo/internal/testhelpers/mocks.go:152.2,153.12 2 0
go-usersvc-demo/internal/testhelpers/mocks.go:157.52,162.2 4 0
go-usersvc-demo/internal/testhelpers/mocks.go:165.43,170.2 4 0
go-usersvc-demo/internal/testhelpers/mocks.go:173.59,178.28 4 0
go-usersvc-demo/internal/testhelpers/mocks.go:178.28,180.3 1 0
go-usersvc-demo/internal/testhelpers/mocks.go:181.2,181.14 1 0
go-usersvc-demo/internal/testhelpers/mocks.go:191.40,195.2 1 0
go-usersvc-demo/internal/testhelpers/mocks.go:198.82,203.9 4 0
go-usersvc-demo/internal/testhelpers/mocks.go:203.9,205.3 1 0
go-usersvc-demo/internal/testhelpers/mocks.go:206.2,206.15 1 0
go-usersvc-demo/internal/testhelpers/mocks.go:210.72,216.2 4 0
go-usersvc-demo/internal/testhelpers/mocks.go:219.69,225.2 4 0
go-usersvc-demo/internal/testhelpers/testcontainers.go:21.78,39.16 3 0
go-usersvc-demo/internal/testhelpers/testcontainers.go:39.16,41.3 1 0
go-usersvc-demo/internal/testhelpers/testcontainers.go:44.2,45.16 2 0
go-usersvc-demo/internal/testhelpers/testcontainers.go:45.16,48.3 2 0
go-usersvc-demo/internal/testhelpers/testcontainers.go:50.2,51.16 2 0
go-usersvc-demo/internal/testhelpers/testcontainers.go:51.16,54.3 2 0
go-usersvc-demo/internal/testhelpers/testcontainers.go:57.2,61.16 3 0
go-usersvc-demo/internal/testhelpers/testcontainers.go:61.16,64.3 2 0
go-usersvc-demo/internal/testhelpers/testcontainers.go:67.2,67.39 1 0
go-usersvc-demo/internal/testhelpers/testcontainers.go:67.39,71.3 3 0
go-usersvc-demo/internal/testhelpers/testcontainers.go:73.2,77.8 1 0
go-usersvc-demo/internal/testhelpers/testcontainers.go:81.54,83.2 1 0
go-usersvc-demo/internal/testhelpers/testcontainers.go:86.93,87.39 1 0
go-usersvc-demo/internal/testhelpers/testcontainers.go:87.39,88.57 1 0
go-usersvc-demo/internal/testhelpers/testcontainers.go:88.57,90.4 1 0
go-usersvc-demo/internal/testhelpers/testcontainers.go:92.2,92.12 1 0
go-usersvc-demo/internal/testhelpers/testcontainers.go:96.67,97.20 1 0
go-usersvc-demo/internal/testhelpers/testcontainers.go:97.20,99.3 1 0
go-usersvc-demo/internal/testhelpers/testcontainers.go:100.2,100.25 1 0
go-usersvc-demo/internal/testhelpers/testcontainers.go:100.25,102.3 1 0
go-usersvc-demo/internal/testhelpers/testcontainers.go:103.2,103.12 1 0
go-usersvc-demo/pkg/pb/user.pb.go:35.24,37.29 2 0
go-usersvc-demo/pkg/pb/user.pb.go:37.29,41.3 3 0
go-usersvc-demo/pkg/pb/user.pb.go:44.32,46.2 1 0
go-usersvc-demo/pkg/pb/user.pb.go:48.30,48.31 0 0
go-usersvc-demo/pkg/pb/user.pb.go:50.52,52.41 2 0
go-usersvc-demo/pkg/pb/user.pb.go:52.41,54.34 2 0
go-usersvc-demo/pkg/pb/user.pb.go:54.34,56.4 1 0
go-usersvc-demo/pkg/pb/user.pb.go:57.3,57.12 1 0
go-usersvc-demo/pkg/pb/user.pb.go:59.2,59.24 1 0
go-usersvc-demo/pkg/pb/user.pb.go:63.43,65.2 1 0
go-usersvc-demo/pkg/pb/user.pb.go:67.30,68.14 1 0
go-usersvc-demo/pkg/pb/user.pb.go:68.14,70.3 1 0
go-usersvc-demo/pkg/pb/user.pb.go:71.2,71.10 1 0
go-usersvc-demo/pkg/pb/user.pb.go:74.33,75.14 1 0
go-usersvc-demo/pkg/pb/user.pb.go:75.14,77.3 1 0
go-usersvc-demo/pkg/pb/user.pb.go:78.2,78.11 1 0
go-usersvc-demo/pkg/pb/user.pb.go:81.34,82.14 1 0
go-usersvc-demo/pkg/pb/user.pb.go:82.14,84.3 1 0
go-usersvc-demo/pkg/pb/user.pb.go:85.2,85.11 1 0
go-usersvc-demo/pkg/pb/user.pb.go:88.38,89.14 1 0
go-usersvc-demo/pkg/pb/user.pb.go:89.14,91.3 1 0
go-usersvc-demo/pkg/pb/user.pb.go:92.2,92.11 1 0
go-usersvc-demo/pkg/pb/user.pb.go:95.38,96.14 1 0
go-usersvc-demo/pkg/pb/user.pb.go:96.14,98.3 1 0
go-usersvc-demo/pkg/pb/user.pb.go:99.2,99.11 1 0
go-usersvc-demo/pkg/pb/user.pb.go:112.37,114.29 2 0
go-usersvc-demo/pkg/pb/user.pb.go:114.29,118.3 3 0
go-usersvc-demo/pkg/pb/user.pb.go:121.45,123.2 1 0
go-usersvc-demo/pkg/pb/user.pb.go:125.43,125.44 0 0
go-usersvc-demo/pkg/pb/user.pb.go:127.65,129.41 2 0
go-usersvc-demo/pkg/pb/user.pb.go:129.41,131.34 2 0
go-usersvc-demo/pkg/pb/user.pb.go:131.34,133.4 1 0
go-usersvc-demo/pkg/pb/user.pb.go:134.3,134.12 1 0
go-usersvc-demo/pkg/pb/user.pb.go:136.2,136.24 1 0
go-usersvc-demo/pkg/pb/user.pb.go:140.56,142.2 1 0
go-usersvc-demo/pkg/pb/user.pb.go:144.46,145.14 1 0
go-usersvc-demo/pkg/pb/user.pb.go:145.14,147.3 1 0
go-usersvc-demo/pkg/pb/user.pb.go:148.2,148.11 1 0
go-usersvc-demo/pkg/pb/user.pb.go:151.47,152.14 1 0
go-usersvc-demo/pkg/pb/user.pb.go:152.14,154.3 1 0
go-usersvc-demo/pkg/pb/user.pb.go:155.2,155.11 1 0
go-usersvc-demo/pkg/pb/user.pb.go:158.50,159.14 1 0
go-usersvc-demo/pkg/pb/user.pb.go:159.14,161.3 1 0
go-usersvc-demo/pkg/pb/user.pb.go:162.2,162.11 1 0
go-usersvc-demo/pkg/pb/user.pb.go:173.38,175.29 2 0
go-usersvc-demo/pkg/pb/user.pb.go:175.29,179.3 3 0
go-usersvc-demo/pkg/pb/user.pb.go:182.46,184.2 1 0
go-usersvc-demo/pkg/pb/user.pb.go:186.44,186.45 0 0
go-usersvc-demo/pkg/pb/user.pb.go:188.66,190.41 2 0
go-usersvc-demo/pkg/pb/user.pb.go:190.41,192.34 2 0
go-usersvc-demo/pkg/pb/user.pb.go:192.34,194.4 1 0
go-usersvc-demo/pkg/pb/user.pb.go:195.3,195.12 1 0
go-usersvc-demo/pkg/pb/user.pb.go:197.2,197.24 1 0
go-usersvc-demo/pkg/pb/user.pb.go:201.57,203.2 1 0
go-usersvc-demo/pkg/pb/user.pb.go:205.44,206.14 1 0
go-usersvc-demo/pkg/pb/user.pb.go:206.14,208.3 1 0
go-usersvc-demo/pkg/pb/user.pb.go:209.2,209.10 1 0
go-usersvc-demo/pkg/pb/user.pb.go:221.36,223.29 2 0
go-usersvc-demo/pkg/pb/user.pb.go:223.29,227.3 3 0
go-usersvc-demo/pkg/pb/user.pb.go:230.44,232.2 1 0
go-usersvc-demo/pkg/pb/user.pb.go:234.42,234.43 0 0
go-usersvc-demo/pkg/pb/user.pb.go:236.64,238.41 2 0
go-usersvc-demo/pkg/pb/user.pb.go:238.41,240.34 2 0
go-usersvc-demo/pkg/pb/user.pb.go:240.34,242.4 1 0
go-usersvc-demo/pkg/pb/user.pb.go:243.3,243.12 1 0
go-usersvc-demo/pkg/pb/user.pb.go:245.2,245.24 1 0
go-usersvc-demo/pkg/pb/user.pb.go:249.55,251.2 1 0
go-usersvc-demo/pkg/pb/user.pb.go:253.44,254.14 1 0
go-usersvc-demo/pkg/pb/user.pb.go:254.14,256.3 1 0
go-usersvc-demo/pkg/pb/user.pb.go:257.2,257.10 1 0
go-usersvc-demo/pkg/pb/user.pb.go:260.45,261.14 1 0
go-usersvc-demo/pkg/pb/user.pb.go:261.14,263.3 1 0
go-usersvc-demo/pkg/pb/user.pb.go:264.2,264.10 1 0
go-usersvc-demo/pkg/pb/user.pb.go:278.37,280.29 2 0
go-usersvc-demo/pkg/pb/user.pb.go:280.29,284.3 3 0
go-usersvc-demo/pkg/pb/user.pb.go:287.45,289.2 1 0
go-usersvc-demo/pkg/pb/user.pb.go:291.43,291.44 0 0
go-usersvc-demo/pkg/pb/user.pb.go:293.65,295.41 2 0
go-usersvc-demo/pkg/pb/user.pb.go:295.41,297.34 2 0
go-usersvc-demo/pkg/pb/user.pb.go:297.34,299.4 1 0
go-usersvc-demo/pkg/pb/user.pb.go:300.3,300.12 1 0
go-usersvc-demo/pkg/pb/user.pb.go:302.2,302.24 1 0
go-usersvc-demo/pkg/pb/user.pb.go:306.56,308.2 1 0
go-usersvc-demo/pkg/pb/user.pb.go:310.47,311.14 1 0
go-usersvc-demo/pkg/pb/user.pb.go:311.14,313.3 1 0
go-usersvc-demo/pkg/pb/user.pb.go:314.2,314.12 1 0
go-usersvc-demo/pkg/pb/user.pb.go:317.46,318.14 1 0
go-usersvc-demo/pkg/pb/user.pb.go:318.14,320.3 1 0
go-usersvc-demo/pkg/pb/user.pb.go:321.2,321.10 1 0
go-usersvc-demo/pkg/pb/user.pb.go:324.45,325.14 1 0
go-usersvc-demo/pkg/pb/user.pb.go:325.14,327.3 1 0
go-usersvc-demo/pkg/pb/user.pb.go:328.2,328.10 1 0
go-usersvc-demo/pkg/pb/user.pb.go:331.46,332.14 1 0
go-usersvc-demo/pkg/pb/user.pb.go:332.14,334.3 1 0
go-usersvc-demo/pkg/pb/user.pb.go:335.2,335.10 1 0
go-usersvc-demo/pkg/pb/user.pb.go:349.37,351.29 2 0
go-usersvc-demo/pkg/pb/user.pb.go:351.29,355.3 3 0
go-usersvc-demo/pkg/pb/user.pb.go:358.45,360.2 1 0
go-usersvc-demo/pkg/pb/user.pb.go:362.43,362.44 0 0
go-usersvc-demo/pkg/pb/user.pb.go:364.65,366.41 2 0
go-usersvc-demo/pkg/pb/user.pb.go:366.41,368.34 2 0
go-usersvc-demo/pkg/pb/user.pb.go:368.34,370.4 1 0
go-usersvc-demo/pkg/pb/user.pb.go:371.3,371.12 1 0
go-usersvc-demo/pkg/pb/user.pb.go:373.2,373.24 1 0
go-usersvc-demo/pkg/pb/user.pb.go:377.56,379.2 1 0
go-usersvc-demo/pkg/pb/user.pb.go:381.43,382.14 1 0
go-usersvc-demo/pkg/pb/user.pb.go:382.14,384.3 1 0
go-usersvc-demo/pkg/pb/user.pb.go:385.2,385.10 1 0
go-usersvc-demo/pkg/pb/user.pb.go:388.46,389.14 1 0
go-usersvc-demo/pkg/pb/user.pb.go:389.14,391.3 1 0
go-usersvc-demo/pkg/pb/user.pb.go:392.2,392.11 1 0
go-usersvc-demo/pkg/pb/user.pb.go:395.47,396.14 1 0
go-usersvc-demo/pkg/pb/user.pb.go:396.14,398.3 1 0
go-usersvc-demo/pkg/pb/user.pb.go:399.2,399.11 1 0
go-usersvc-demo/pkg/pb/user.pb.go:402.50,403.14 1 0
go-usersvc-demo/pkg/pb/user.pb.go:403.14,405.3 1 0
go-usersvc-demo/pkg/pb/user.pb.go:406.2,406.11 1 0
go-usersvc-demo/pkg/pb/user.pb.go:417.37,419.29 2 0
go-usersvc-demo/pkg/pb/user.pb.go:419.29,423.3 3 0
go-usersvc-demo/pkg/pb/user.pb.go:426.45,428.2 1 0
go-usersvc-demo/pkg/pb/user.pb.go:430.43,430.44 0 0
go-usersvc-demo/pkg/pb/user.pb.go:432.65,434.41 2 0
go-usersvc-demo/pkg/pb/user.pb.go:434.41,436.34 2 0
go-usersvc-demo/pkg/pb/user.pb.go:436.34,438.4 1 0
go-usersvc-demo/pkg/pb/user.pb.go:439.3,439.12 1 0
go-usersvc-demo/pkg/pb/user.pb.go:441.2,441.24 1 0
go-usersvc-demo/pkg/pb/user.pb.go:445.56,447.2 1 0
go-usersvc-demo/pkg/pb/user.pb.go:449.43,450.14 1 0
go-usersvc-demo/pkg/pb/user.pb.go:450.14,452.3 1 0
go-usersvc-demo/pkg/pb/user.pb.go:453.2,453.10 1 0
go-usersvc-demo/pkg/pb/user.pb.go:465.38,467.29 2 0
go-usersvc-demo/pkg/pb/user.pb.go:467.29,471.3 3 0
go-usersvc-demo/pkg/pb/user.pb.go:474.46,476.2 1 0
go-usersvc-demo/pkg/pb/user.pb.go:478.44,478.45 0 0
go-usersvc-demo/pkg/pb/user.pb.go:480.66,482.41 2 0
go-usersvc-demo/pkg/pb/user.pb.go:482.41,484.34 2 0
go-usersvc-demo/pkg/pb/user.pb.go:484.34,486.4 1 0
go-usersvc-demo/pkg/pb/user.pb.go:487.3,487.12 1 0
go-usersvc-demo/pkg/pb/user.pb.go:489.2,489.24 1 0
go-usersvc-demo/pkg/pb/user.pb.go:493.57,495.2 1 0
go-usersvc-demo/pkg/pb/user.pb.go:497.48,498.14 1 0
go-usersvc-demo/pkg/pb/user.pb.go:498.14,500.3 1 0
go-usersvc-demo/pkg/pb/user.pb.go:501.2,501.14 1 0
go-usersvc-demo/pkg/pb/user.pb.go:504.50,505.14 1 0
go-usersvc-demo/pkg/pb/user.pb.go:505.14,507.3 1 0
go-usersvc-demo/pkg/pb/user.pb.go:508.2,508.11 1 0
go-usersvc-demo/pkg/pb/user.pb.go:523.32,525.29 2 0
go-usersvc-demo/pkg/pb/user.pb.go:525.29,529.3 3 0
go-usersvc-demo/pkg/pb/user.pb.go:532.40,534.2 1 0
go-usersvc-demo/pkg/pb/user.pb.go:536.38,536.39 0 0
go-usersvc-demo/pkg/pb/user.pb.go:538.60,540.41 2 0
go-usersvc-demo/pkg/pb/user.pb.go:540.41,542.34 2 0
go-usersvc-demo/pkg/pb/user.pb.go:542.34,544.4 1 0
go-usersvc-demo/pkg/pb/user.pb.go:545.3,545.12 1 0
go-usersvc-demo/pkg/pb/user.pb.go:547.2,547.24 1 0
go-usersvc-demo/pkg/pb/user.pb.go:551.51,553.2 1 0
go-usersvc-demo/pkg/pb/user.pb.go:555.38,556.14 1 0
go-usersvc-demo/pkg/pb/user.pb.go:556.14,558.3 1 0
go-usersvc-demo/pkg/pb/user.pb.go:559.2,559.10 1 0
go-usersvc-demo/pkg/pb/user.pb.go:562.41,563.14 1 0
go-usersvc-demo/pkg/pb/user.pb.go:563.14,565.3 1 0
go-usersvc-demo/pkg/pb/user.pb.go:566.2,566.11 1 0
go-usersvc-demo/pkg/pb/user.pb.go:569.42,570.14 1 0
go-usersvc-demo/pkg/pb/user.pb.go:570.14,572.3 1 0
go-usersvc-demo/pkg/pb/user.pb.go:573.2,573.11 1 0
go-usersvc-demo/pkg/pb/user.pb.go:576.46,577.14 1 0
go-usersvc-demo/pkg/pb/user.pb.go:577.14,579.3 1 0
go-usersvc-demo/pkg/pb/user.pb.go:580.2,580.11 1 0
go-usersvc-demo/pkg/pb/user.pb.go:583.46,584.14 1 0
go-usersvc-demo/pkg/pb/user.pb.go:584.14,586.3 1 0
go-usersvc-demo/pkg/pb/user.pb.go:587.2,587.11 1 0
go-usersvc-demo/pkg/pb/user.pb.go:673.49,674.46 1 0
go-usersvc-demo/pkg/pb/user.pb.go:674.46,676.3 1 0
go-usersvc-demo/pkg/pb/user.pb.go:677.2,677.42 1 0
go-usersvc-demo/pkg/pb/user.pb.go:711.13,711.45 1 0
go-usersvc-demo/pkg/pb/user.pb.go:712.35,713.34 1 0
go-usersvc-demo/pkg/pb/user.pb.go:713.34,715.3 1 0
go-usersvc-demo/pkg/pb/user.pb.go:716.2,716.30 1 0
go-usersvc-demo/pkg/pb/user.pb.go:716.30,717.87 1 0
go-usersvc-demo/pkg/pb/user.pb.go:717.87,718.29 1 0
go-usersvc-demo/pkg/pb/user.pb.go:719.11,720.20 1 0
go-usersvc-demo/pkg/pb/user.pb.go:721.11,722.24 1 0
go-usersvc-demo/pkg/pb/user.pb.go:723.11,724.28 1 0
go-usersvc-demo/pkg/pb/user.pb.go:725.12,726.15 1 0
go-usersvc-demo/pkg/pb/user.pb.go:729.3,729.87 1 0
go-usersvc-demo/pkg/pb/user.pb.go:729.87,730.42 1 0
go-usersvc-demo/pkg/pb/user.pb.go:731.11,732.20 1 0
go-usersvc-demo/pkg/pb/user.pb.go:733.11,734.24 1 0
go-usersvc-demo/pkg/pb/user.pb.go:735.11,736.28 1 0
go-usersvc-demo/pkg/pb/user.pb.go:737.12,738.15 1 0
go-usersvc-demo/pkg/pb/user.pb.go:741.3,741.87 1 0
go-usersvc-demo/pkg/pb/user.pb.go:741.87,742.43 1 0
go-usersvc-demo/pkg/pb/user.pb.go:743.11,744.20 1 0
go-usersvc-demo/pkg/pb/user.pb.go:745.11,746.24 1 0
go-usersvc-demo/pkg/pb/user.pb.go:747.11,748.28 1 0
go-usersvc-demo/pkg/pb/user.pb.go:749.12,750.15 1 0
go-usersvc-demo/pkg/pb/user.pb.go:753.3,753.87 1 0
go-usersvc-demo/pkg/pb/user.pb.go:753.87,754.41 1 0
go-usersvc-demo/pkg/pb/user.pb.go:755.11,756.20 1 0
go-usersvc-demo/pkg/pb/user.pb.go:757.11,758.24 1 0
go-usersvc-demo/pkg/pb/user.pb.go:759.11,760.28 1 0
go-usersvc-demo/pkg/pb/user.pb.go:761.12,762.15 1 0
go-usersvc-demo/pkg/pb/user.pb.go:765.3,765.87 1 0
go-usersvc-demo/pkg/pb/user.pb.go:765.87,766.42 1 0
go-usersvc-demo/pkg/pb/user.pb.go:767.11,768.20 1 0
go-usersvc-demo/pkg/pb/user.pb.go:769.11,770.24 1 0
go-usersvc-demo/pkg/pb/user.pb.go:771.11,772.28 1 0
go-usersvc-demo/pkg/pb/user.pb.go:773.12,774.15 1 0
go-usersvc-demo/pkg/pb/user.pb.go:777.3,777.87 1 0
go-usersvc-demo/pkg/pb/user.pb.go:777.87,778.42 1 0
go-usersvc-demo/pkg/pb/user.pb.go:779.11,780.20 1 0
go-usersvc-demo/pkg/pb/user.pb.go:781.11,782.24 1 0
go-usersvc-demo/pkg/pb/user.pb.go:783.11,784.28 1 0
go-usersvc-demo/pkg/pb/user.pb.go:785.12,786.15 1 0
go-usersvc-demo/pkg/pb/user.pb.go:789.3,789.87 1 0
go-usersvc-demo/pkg/pb/user.pb.go:789.87,790.42 1 0
go-usersvc-demo/pkg/pb/user.pb.go:791.11,792.20 1 0
go-usersvc-demo/pkg/pb/user.pb.go:793.11,794.24 1 0
go-usersvc-demo/pkg/pb/user.pb.go:795.11,796.28 1 0
go-usersvc-demo/pkg/pb/user.pb.go:797.12,798.15 1 0
go-usersvc-demo/pkg/pb/user.pb.go:801.3,801.87 1 0
go-usersvc-demo/pkg/pb/user.pb.go:801.87,802.43 1 0
go-usersvc-demo/pkg/pb/user.pb.go:803.11,804.20 1 0
go-usersvc-demo/pkg/pb/user.pb.go:805.11,806.24 1 0
go-usersvc-demo/pkg/pb/user.pb.go:807.11,808.28 1 0
go-usersvc-demo/pkg/pb/user.pb.go:809.12,810.15 1 0
go-usersvc-demo/pkg/pb/user.pb.go:813.3,813.87 1 0
go-usersvc-demo/pkg/pb/user.pb.go:813.87,814.37 1 0
go-usersvc-demo/pkg/pb/user.pb.go:815.11,816.20 1 0
go-usersvc-demo/pkg/pb/user.pb.go:817.11,818.24 1 0
go-usersvc-demo/pkg/pb/user.pb.go:819.11,820.28 1 0
go-usersvc-demo/pkg/pb/user.pb.go:821.12,822.15 1 0
go-usersvc-demo/pkg/pb/user.pb.go:826.2,843.37 6 0
go-usersvc-demo/pkg/pb/user_grpc.pb.go:44.74,46.2 1 0
go-usersvc-demo/pkg/pb/user_grpc.pb.go:48.132,51.16 3 0
go-usersvc-demo/pkg/pb/user_grpc.pb.go:51.16,53.3 1 0
go-usersvc-demo/pkg/pb/user_grpc.pb.go:54.2,54.17 1 0
go-usersvc-demo/pkg/pb/user_grpc.pb.go:57.134,60.16 3 0
go-usersvc-demo/pkg/pb/user_grpc.pb.go:60.16,62.3 1 0
go-usersvc-demo/pkg/pb/user_grpc.pb.go:63.2,63.17 1 0
go-usersvc-demo/pkg/pb/user_grpc.pb.go:66.135,69.16 3 0
go-usersvc-demo/pkg/pb/user_grpc.pb.go:69.16,71.3 1 0
go-usersvc-demo/pkg/pb/user_grpc.pb.go:72.2,72.17 1 0
go-usersvc-demo/pkg/pb/user_grpc.pb.go:75.132,78.16 3 0
go-usersvc-demo/pkg/pb/user_grpc.pb.go:78.16,80.3 1 0
go-usersvc-demo/pkg/pb/user_grpc.pb.go:81.2,81.17 1 0
go-usersvc-demo/pkg/pb/user_grpc.pb.go:84.138,87.16 3 0
go-usersvc-demo/pkg/pb/user_grpc.pb.go:87.16,89.3 1 0
go-usersvc-demo/pkg/pb/user_grpc.pb.go:90.2,90.17 1 0
go-usersvc-demo/pkg/pb/user_grpc.pb.go:109.110,111.2 1 0
go-usersvc-demo/pkg/pb/user_grpc.pb.go:112.112,114.2 1 0
go-usersvc-demo/pkg/pb/user_grpc.pb.go:115.113,117.2 1 0
go-usersvc-demo/pkg/pb/user_grpc.pb.go:118.110,120.2 1 0
go-usersvc-demo/pkg/pb/user_grpc.pb.go:121.116,123.2 1 0
go-usersvc-demo/pkg/pb/user_grpc.pb.go:124.82,124.83 0 0
go-usersvc-demo/pkg/pb/user_grpc.pb.go:133.80,135.2 1 0
go-usersvc-demo/pkg/pb/user_grpc.pb.go:137.167,139.32 2 0
go-usersvc-demo/pkg/pb/user_grpc.pb.go:139.32,141.3 1 0
go-usersvc-demo/pkg/pb/user_grpc.pb.go:142.2,142.24 1 0
go-usersvc-demo/pkg/pb/user_grpc.pb.go:142.24,144.3 1 0
go-usersvc-demo/pkg/pb/user_grpc.pb.go:145.2,149.77 2 0
go-usersvc-demo/pkg/pb/user_grpc.pb.go:149.77,151.3 1 0
go-usersvc-demo/pkg/pb/user_grpc.pb.go:152.2,152.44 1 0
go-usersvc-demo/pkg/pb/user_grpc.pb.go:155.168,157.32 2 0
go-usersvc-demo/pkg/pb/user_grpc.pb.go:157.32,159.3 1 0
go-usersvc-demo/pkg/pb/user_grpc.pb.go:160.2,160.24 1 0
go-usersvc-demo/pkg/pb/user_grpc.pb.go:160.24,162.3 1 0
go-usersvc-demo/pkg/pb/user_grpc.pb.go:163.2,167.77 2 0
go-usersvc-demo/pkg/pb/user_grpc.pb.go:167.77,169.3 1 0
go-usersvc-demo/pkg/pb/user_grpc.pb.go:170.2,170.44 1 0
go-usersvc-demo/pkg/pb/user_grpc.pb.go:173.166,175.32 2 0
go-usersvc-demo/pkg/pb/user_grpc.pb.go:175.32,177.3 1 0
go-usersvc-demo/pkg/pb/user_grpc.pb.go:178.2,178.24 1 0
go-usersvc-demo/pkg/pb/user_grpc.pb.go:178.24,180.3 1 0
go-usersvc-demo/pkg/pb/user_grpc.pb.go:181.2,185.77 2 0
go-usersvc-demo/pkg/pb/user_grpc.pb.go:185.77,187.3 1 0
go-usersvc-demo/pkg/pb/user_grpc.pb.go:188.2,188.44 1 0
go-usersvc-demo/pkg/pb/user_grpc.pb.go:191.167,193.32 2 0
go-usersvc-demo/pkg/pb/user_grpc.pb.go:193.32,195.3 1 0
go-usersvc-demo/pkg/pb/user_grpc.pb.go:196.2,196.24 1 0
go-usersvc-demo/pkg/pb/user_grpc.pb.go:196.24,198.3 1 0
go-usersvc-demo/pkg/pb/user_grpc.pb.go:199.2,203.77 2 0
go-usersvc-demo/pkg/pb/user_grpc.pb.go:203.77,205.3 1 0
go-usersvc-demo/pkg/pb/user_grpc.pb.go:206.2,206.44 1 0
go-usersvc-demo/pkg/pb/user_grpc.pb.go:209.167,211.32 2 0
go-usersvc-demo/pkg/pb/user_grpc.pb.go:211.32,213.3 1 0
go-usersvc-demo/pkg/pb/user_grpc.pb.go:214.2,214.24 1 0
go-usersvc-demo/pkg/pb/user_grpc.pb.go:214.24,216.3 1 0
go-usersvc-demo/pkg/pb/user_grpc.pb.go:217.2,221.77 2 0
go-usersvc-demo/pkg/pb/user_grpc.pb.go:221.77,223.3 1 0
go-usersvc-demo/pkg/pb/user_grpc.pb.go:224.2,224.44 1 0
go-usersvc-demo/internal/infrastructure/postgres/postgres.go:11.49,13.16 2 0
go-usersvc-demo/internal/infrastructure/postgres/postgres.go:13.16,15.3 1 0
go-usersvc-demo/internal/infrastructure/postgres/postgres.go:17.2,17.56 1 0
go-usersvc-demo/internal/infrastructure/postgres/postgres.go:17.56,19.3 1 0
go-usersvc-demo/internal/infrastructure/postgres/postgres.go:21.2,21.18 1 0
go-usersvc-demo/internal/infrastructure/postgres/user_repo.go:22.46,24.2 1 1
go-usersvc-demo/internal/infrastructure/postgres/user_repo.go:27.89,40.16 5 1
go-usersvc-demo/internal/infrastructure/postgres/user_repo.go:40.16,41.46 1 1
go-usersvc-demo/internal/infrastructure/postgres/user_repo.go:41.46,43.4 1 1
go-usersvc-demo/internal/infrastructure/postgres/user_repo.go:44.3,44.59 1 1
go-usersvc-demo/internal/infrastructure/postgres/user_repo.go:47.2,47.20 1 1
go-usersvc-demo/internal/infrastructure/postgres/user_repo.go:51.81,58.16 4 1
go-usersvc-demo/internal/infrastructure/postgres/user_repo.go:58.16,59.36 1 1
go-usersvc-demo/internal/infrastructure/postgres/user_repo.go:59.36,61.4 1 1
go-usersvc-demo/internal/infrastructure/postgres/user_repo.go:62.3,62.62 1 0
go-usersvc-demo/internal/infrastructure/postgres/user_repo.go:65.2,65.18 1 1
go-usersvc-demo/internal/infrastructure/postgres/user_repo.go:69.88,76.16 4 1
go-usersvc-demo/internal/infrastructure/postgres/user_repo.go:76.16,77.36 1 1
go-usersvc-demo/internal/infrastructure/postgres/user_repo.go:77.36,79.4 1 1
go-usersvc-demo/internal/infrastructure/postgres/user_repo.go:80.3,80.65 1 0
go-usersvc-demo/internal/infrastructure/postgres/user_repo.go:83.2,83.18 1 1
go-usersvc-demo/internal/infrastructure/postgres/user_repo.go:87.98,92.86 3 1
go-usersvc-demo/internal/infrastructure/postgres/user_repo.go:92.86,94.3 1 0
go-usersvc-demo/internal/infrastructure/postgres/user_repo.go:96.2,100.16 2 1
go-usersvc-demo/internal/infrastructure/postgres/user_repo.go:100.16,102.3 1 0
go-usersvc-demo/internal/infrastructure/postgres/user_repo.go:103.2,106.18 3 1
go-usersvc-demo/internal/infrastructure/postgres/user_repo.go:106.18,108.89 2 1
go-usersvc-demo/internal/infrastructure/postgres/user_repo.go:108.89,110.4 1 0
go-usersvc-demo/internal/infrastructure/postgres/user_repo.go:111.3,111.27 1 1
go-usersvc-demo/internal/infrastructure/postgres/user_repo.go:114.2,119.8 1 1
go-usersvc-demo/internal/infrastructure/postgres/user_repo.go:123.110,128.23 4 1
go-usersvc-demo/internal/infrastructure/postgres/user_repo.go:128.23,132.3 3 1
go-usersvc-demo/internal/infrastructure/postgres/user_repo.go:133.2,133.24 1 1
go-usersvc-demo/internal/infrastructure/postgres/user_repo.go:133.24,137.3 3 0
go-usersvc-demo/internal/infrastructure/postgres/user_repo.go:138.2,138.27 1 1
go-usersvc-demo/internal/infrastructure/postgres/user_repo.go:138.27,142.3 3 0
go-usersvc-demo/internal/infrastructure/postgres/user_repo.go:144.2,144.26 1 1
go-usersvc-demo/internal/infrastructure/postgres/user_repo.go:144.26,146.3 1 0
go-usersvc-demo/internal/infrastructure/postgres/user_repo.go:148.2,161.16 8 1
go-usersvc-demo/internal/infrastructure/postgres/user_repo.go:161.16,162.36 1 0
go-usersvc-demo/internal/infrastructure/postgres/user_repo.go:162.36,164.4 1 0
go-usersvc-demo/internal/infrastructure/postgres/user_repo.go:165.3,165.59 1 0
go-usersvc-demo/internal/infrastructure/postgres/user_repo.go:168.2,168.18 1 1
go-usersvc-demo/internal/infrastructure/postgres/user_repo.go:172.64,174.16 2 1
go-usersvc-demo/internal/infrastructure/postgres/user_repo.go:174.16,176.3 1 0
go-usersvc-demo/internal/infrastructure/postgres/user_repo.go:177.2,177.32 1 1
go-usersvc-demo/internal/infrastructure/postgres/user_repo.go:177.32,179.3 1 0
go-usersvc-demo/internal/infrastructure/postgres/user_repo.go:180.2,180.12 1 1
